<?xml version="1.0" encoding="UTF-8"?>
<!-- Generated by org.testng.reporters.JUnitReportReporter -->
<testsuite hostname="DESKTOP-IQ2M59A" failures="0" tests="2" name="com.testClass.TC_MS_MyAccount" time="49.489" errors="0" timestamp="2025-06-16T18:07:15 IST" skipped="1">
  <testcase classname="com.testClass.TC_MS_MyAccount" name="createAccountPage" time="49.489"/>
  <system-out/>
  <testcase classname="com.testClass.TC_MS_MyAccount" name="verifyLogin">
    <skipped/>
  </testcase> <!-- verifyLogin -->
  <system-out/>
</testsuite> <!-- com.testClass.TC_MS_MyAccount -->
