<?xml version="1.0" encoding="UTF-8"?>
<!-- Generated by org.testng.reporters.JUnitReportReporter -->
<testsuite hostname="DESKTOP-IQ2M59A" failures="0" tests="3" name="demo.DataProvider" time="24.223" errors="0" timestamp="2025-06-18T10:03:37 IST" skipped="0">
  <testcase classname="demo.DataProvider" name="loginToapp" time="8.785"/>
  <system-out/>
  <testcase classname="demo.DataProvider" name="loginToapp" time="7.721"/>
  <system-out/>
  <testcase classname="demo.DataProvider" name="loginToapp" time="7.717"/>
  <system-out/>
</testsuite> <!-- demo.DataProvider -->
