<?xml version="1.0" encoding="UTF-8"?>
<!-- Generated by org.testng.reporters.JUnitReportReporter -->
<testsuite hostname="DESKTOP-IQ2M59A" failures="0" tests="1" name="com.testClass.TC_ProductOrderPage" time="38.169" errors="0" timestamp="2025-06-16T18:09:43 IST" skipped="0">
  <testcase classname="com.testClass.TC_ProductOrderPage" name="orderPlacing" time="38.169"/>
  <system-out/>
</testsuite> <!-- com.testClass.TC_ProductOrderPage -->
